<?xml version="1.0" encoding="UTF-8"?>
<!-- Generated by org.testng.reporters.JUnitReportReporter -->
<testsuite hostname="DESKTOP-M50E0CG" failures="0" tests="1" name="A.s" time="0.006" errors="0" timestamp="2024-10-18T20:26:55 IST" skipped="0">
  <testcase classname="A.s" name="A" time="0.006"/>
  <system-out/>
</testsuite> <!-- A.s -->
