<?xml version="1.0" encoding="UTF-8"?>
<!-- Generated by org.testng.reporters.JUnitReportReporter -->
<testsuite hostname="DESKTOP-M50E0CG" failures="0" tests="1" name="com.project.script.TestScript" time="1.510" errors="0" timestamp="2024-10-25T15:17:07 IST" skipped="0">
  <testcase classname="com.project.script.TestScript" name="Test" time="1.510"/>
  <system-out/>
</testsuite> <!-- com.project.script.TestScript -->
