<?xml version="1.0" encoding="UTF-8"?>
<!-- Generated by org.testng.reporters.JUnitReportReporter -->
<testsuite hostname="DESKTOP-M50E0CG" failures="0" tests="1" name="com.project.script.TestScript" time="0.527" errors="0" timestamp="2024-10-23T15:10:28 IST" skipped="0">
  <testcase classname="com.project.script.TestScript" name="Test" time="0.527"/>
  <system-out/>
</testsuite> <!-- com.project.script.TestScript -->
